# JRE version: Java(TM) SE Runtime Environment (8.0_45-b14) (build 1.8.0_45-b14)
# Java VM: Java HotSpot(TM) 64-Bit Server VM (25.45-b02 mixed mode windows-amd64 compressed oops)
Heap:
 PSYoungGen      total 833536K, used 674816K [0x000000076b980000, 0x00000007b2100000, 0x00000007c0000000)
  eden space 674816K, 100% used [0x000000076b980000,0x0000000794c80000,0x0000000794c80000)
  from space 158720K, 0% used [0x0000000794c80000,0x0000000794c80000,0x000000079e780000)
  to   space 180736K, 91% used [0x00000007a7080000,0x00000007b1250f80,0x00000007b2100000)
 ParOldGen       total 1561600K, used 1243819K [0x00000006c2c00000, 0x0000000722100000, 0x000000076b980000)
  object space 1561600K, 79% used [0x00000006c2c00000,0x000000070eaaac90,0x0000000722100000)
 Metaspace       used 10098K, capacity 10208K, committed 10368K, reserved 1058816K
  class space    used 1126K, capacity 1140K, committed 1152K, reserved 1048576K
GC Heap History (10 events):
Event: 11.098 GC heap after
Heap after GC invocations=21 (full 2):
 PSYoungGen      total 833536K, used 148464K [0x000000076b980000, 0x00000007b2100000, 0x00000007c0000000)
  eden space 674816K, 0% used [0x000000076b980000,0x000000076b980000,0x0000000794c80000)
  from space 158720K, 93% used [0x0000000794c80000,0x000000079dd7c0e0,0x000000079e780000)
  to   space 180736K, 0% used [0x00000007a7080000,0x00000007a7080000,0x00000007b2100000)
 ParOldGen       total 510464K, used 261052K [0x00000006c2c00000, 0x00000006e1e80000, 0x000000076b980000)
  object space 510464K, 51% used [0x00000006c2c00000,0x00000006d2aef000,0x00000006e1e80000)
 Metaspace       used 9685K, capacity 9774K, committed 9856K, reserved 1058816K
  class space    used 1082K, capacity 1105K, committed 1152K, reserved 1048576K
}
Event: 14.275 GC heap before
{Heap before GC invocations=22 (full 2):
 PSYoungGen      total 833536K, used 823280K [0x000000076b980000, 0x00000007b2100000, 0x00000007c0000000)
  eden space 674816K, 100% used [0x000000076b980000,0x0000000794c80000,0x0000000794c80000)
  from space 158720K, 93% used [0x0000000794c80000,0x000000079dd7c0e0,0x000000079e780000)
  to   space 180736K, 0% used [0x00000007a7080000,0x00000007a7080000,0x00000007b2100000)
 ParOldGen       total 510464K, used 261052K [0x00000006c2c00000, 0x00000006e1e80000, 0x000000076b980000)
  object space 510464K, 51% used [0x00000006c2c00000,0x00000006d2aef000,0x00000006e1e80000)
 Metaspace       used 9729K, capacity 9774K, committed 9856K, reserved 1058816K
  class space    used 1082K, capacity 1105K, committed 1152K, reserved 1048576K
Event: 16.231 GC heap after
Heap after GC invocations=22 (full 2):
 PSYoungGen      total 833536K, used 823280K [0x000000076b980000, 0x00000007b2100000, 0x00000007c0000000)
  eden space 674816K, 100% used [0x000000076b980000,0x0000000794c80000,0x0000000794c80000)
  from space 158720K, 93% used [0x0000000794c80000,0x000000079dd7c0e0,0x000000079e780000)
  to   space 180736K, 99% used [0x00000007a7080000,0x00000007b20f85f0,0x00000007b2100000)
 ParOldGen       total 787968K, used 787137K [0x00000006c2c00000, 0x00000006f2d80000, 0x000000076b980000)
  object space 787968K, 99% used [0x00000006c2c00000,0x00000006f2cb05b0,0x00000006f2d80000)
 Metaspace       used 9729K, capacity 9774K, committed 9856K, reserved 1058816K
  class space    used 1082K, capacity 1105K, committed 1152K, reserved 1048576K
}
Event: 16.231 GC heap before
{Heap before GC invocations=23 (full 3):
 PSYoungGen      total 833536K, used 823280K [0x000000076b980000, 0x00000007b2100000, 0x00000007c0000000)
  eden space 674816K, 100% used [0x000000076b980000,0x0000000794c80000,0x0000000794c80000)
  from space 158720K, 93% used [0x0000000794c80000,0x000000079dd7c0e0,0x000000079e780000)
  to   space 180736K, 99% used [0x00000007a7080000,0x00000007b20f85f0,0x00000007b2100000)
 ParOldGen       total 787968K, used 787137K [0x00000006c2c00000, 0x00000006f2d80000, 0x000000076b980000)
  object space 787968K, 99% used [0x00000006c2c00000,0x00000006f2cb05b0,0x00000006f2d80000)
 Metaspace       used 9729K, capacity 9774K, committed 9856K, reserved 1058816K
  class space    used 1082K, capacity 1105K, committed 1152K, reserved 1048576K
Event: 20.674 GC heap after
Heap after GC invocations=23 (full 3):
 PSYoungGen      total 833536K, used 212940K [0x000000076b980000, 0x00000007b2100000, 0x00000007c0000000)
  eden space 674816K, 31% used [0x000000076b980000,0x00000007789730a0,0x0000000794c80000)
  from space 158720K, 0% used [0x0000000794c80000,0x0000000794c80000,0x000000079e780000)
  to   space 180736K, 0% used [0x00000007a7080000,0x00000007a7080000,0x00000007b2100000)
 ParOldGen       total 1033728K, used 787850K [0x00000006c2c00000, 0x0000000701d80000, 0x000000076b980000)
  object space 1033728K, 76% used [0x00000006c2c00000,0x00000006f2d62938,0x0000000701d80000)
 Metaspace       used 9729K, capacity 9774K, committed 9856K, reserved 1058816K
  class space    used 1082K, capacity 1105K, committed 1152K, reserved 1048576K
}
Event: 21.725 GC heap before
{Heap before GC invocations=24 (full 3):
 PSYoungGen      total 833536K, used 674816K [0x000000076b980000, 0x00000007b2100000, 0x00000007c0000000)
  eden space 674816K, 100% used [0x000000076b980000,0x0000000794c80000,0x0000000794c80000)
  from space 158720K, 0% used [0x0000000794c80000,0x0000000794c80000,0x000000079e780000)
  to   space 180736K, 0% used [0x00000007a7080000,0x00000007a7080000,0x00000007b2100000)
 ParOldGen       total 1033728K, used 787850K [0x00000006c2c00000, 0x0000000701d80000, 0x000000076b980000)
  object space 1033728K, 76% used [0x00000006c2c00000,0x00000006f2d62938,0x0000000701d80000)
 Metaspace       used 9729K, capacity 9774K, committed 9856K, reserved 1058816K
  class space    used 1082K, capacity 1105K, committed 1152K, reserved 1048576K
Event: 22.461 GC heap after
Heap after GC invocations=24 (full 3):
 PSYoungGen      total 833536K, used 674816K [0x000000076b980000, 0x00000007b2100000, 0x00000007c0000000)
  eden space 674816K, 100% used [0x000000076b980000,0x0000000794c80000,0x0000000794c80000)
  from space 158720K, 0% used [0x0000000794c80000,0x0000000794c80000,0x000000079e780000)
  to   space 180736K, 99% used [0x00000007a7080000,0x00000007b20fffc8,0x00000007b2100000)
 ParOldGen       total 1244160K, used 1243482K [0x00000006c2c00000, 0x000000070eb00000, 0x000000076b980000)
  object space 1244160K, 99% used [0x00000006c2c00000,0x000000070ea56a38,0x000000070eb00000)
 Metaspace       used 9729K, capacity 9774K, committed 9856K, reserved 1058816K
  class space    used 1082K, capacity 1105K, committed 1152K, reserved 1048576K
}
Event: 22.461 GC heap before
{Heap before GC invocations=25 (full 4):
 PSYoungGen      total 833536K, used 674816K [0x000000076b980000, 0x00000007b2100000, 0x00000007c0000000)
  eden space 674816K, 100% used [0x000000076b980000,0x0000000794c80000,0x0000000794c80000)
  from space 158720K, 0% used [0x0000000794c80000,0x0000000794c80000,0x000000079e780000)
  to   space 180736K, 99% used [0x00000007a7080000,0x00000007b20fffc8,0x00000007b2100000)
 ParOldGen       total 1244160K, used 1243482K [0x00000006c2c00000, 0x000000070eb00000, 0x000000076b980000)
  object space 1244160K, 99% used [0x00000006c2c00000,0x000000070ea56a38,0x000000070eb00000)
 Metaspace       used 9729K, capacity 9774K, committed 9856K, reserved 1058816K
  class space    used 1082K, capacity 1105K, committed 1152K, reserved 1048576K
Event: 26.192 GC heap after
Heap after GC invocations=25 (full 4):
 PSYoungGen      total 833536K, used 0K [0x000000076b980000, 0x00000007b2100000, 0x00000007c0000000)
  eden space 674816K, 0% used [0x000000076b980000,0x000000076b980000,0x0000000794c80000)
  from space 158720K, 0% used [0x0000000794c80000,0x0000000794c80000,0x000000079e780000)
  to   space 180736K, 91% used [0x00000007a7080000,0x00000007b1250f80,0x00000007b2100000)
 ParOldGen       total 1561600K, used 1243819K [0x00000006c2c00000, 0x0000000722100000, 0x000000076b980000)
  object space 1561600K, 79% used [0x00000006c2c00000,0x000000070eaaac90,0x0000000722100000)
 Metaspace       used 9729K, capacity 9774K, committed 9856K, reserved 1058816K
  class space    used 1082K, capacity 1105K, committed 1152K, reserved 1048576K
}
Event: 28.323 GC heap before
{Heap before GC invocations=26 (full 5):
 PSYoungGen      total 833536K, used 674816K [0x000000076b980000, 0x00000007b2100000, 0x00000007c0000000)
  eden space 674816K, 100% used [0x000000076b980000,0x0000000794c80000,0x0000000794c80000)
  from space 158720K, 0% used [0x0000000794c80000,0x0000000794c80000,0x000000079e780000)
  to   space 180736K, 91% used [0x00000007a7080000,0x00000007b1250f80,0x00000007b2100000)
 ParOldGen       total 1561600K, used 1243819K [0x00000006c2c00000, 0x0000000722100000, 0x000000076b980000)
  object space 1561600K, 79% used [0x00000006c2c00000,0x000000070eaaac90,0x0000000722100000)
 Metaspace       used 10098K, capacity 10208K, committed 10368K, reserved 1058816K
  class space    used 1126K, capacity 1140K, committed 1152K, reserved 1048576K

