# JRE version: Java(TM) SE Runtime Environment (8.0_45-b14) (build 1.8.0_45-b14)
# Java VM: Java HotSpot(TM) 64-Bit Server VM (25.45-b02 mixed mode windows-amd64 compressed oops)
Heap:
 PSYoungGen      total 905216K, used 249314K [0x000000076b980000, 0x00000007c0000000, 0x00000007c0000000)
  eden space 655872K, 0% used [0x000000076b980000,0x000000076b980000,0x0000000793a00000)
  from space 249344K, 99% used [0x0000000793a00000,0x00000007a2d78b90,0x00000007a2d80000)
  to   space 437248K, 0% used [0x00000007a5500000,0x00000007a5500000,0x00000007c0000000)
 ParOldGen       total 916992K, used 915634K [0x00000006c2c00000, 0x00000006fab80000, 0x000000076b980000)
  object space 916992K, 99% used [0x00000006c2c00000,0x00000006faa2ca10,0x00000006fab80000)
 Metaspace       used 9731K, capacity 9770K, committed 9856K, reserved 1058816K
  class space    used 1082K, capacity 1105K, committed 1152K, reserved 1048576K
GC Heap History (10 events):
Event: 9.458 GC heap after
Heap after GC invocations=20 (full 2):
 PSYoungGen      total 754688K, used 119970K [0x000000076b980000, 0x00000007a4e00000, 0x00000007c0000000)
  eden space 624128K, 0% used [0x000000076b980000,0x000000076b980000,0x0000000791b00000)
  from space 130560K, 91% used [0x000000079ab00000,0x00000007a20288a8,0x00000007a2a80000)
  to   space 147456K, 0% used [0x0000000791b00000,0x0000000791b00000,0x000000079ab00000)
 ParOldGen       total 522752K, used 252587K [0x00000006c2c00000, 0x00000006e2a80000, 0x000000076b980000)
  object space 522752K, 48% used [0x00000006c2c00000,0x00000006d22aaed8,0x00000006e2a80000)
 Metaspace       used 9572K, capacity 9610K, committed 9856K, reserved 1058816K
  class space    used 1052K, capacity 1073K, committed 1152K, reserved 1048576K
}
Event: 9.898 GC heap before
{Heap before GC invocations=21 (full 2):
 PSYoungGen      total 754688K, used 744098K [0x000000076b980000, 0x00000007a4e00000, 0x00000007c0000000)
  eden space 624128K, 100% used [0x000000076b980000,0x0000000791b00000,0x0000000791b00000)
  from space 130560K, 91% used [0x000000079ab00000,0x00000007a20288a8,0x00000007a2a80000)
  to   space 147456K, 0% used [0x0000000791b00000,0x0000000791b00000,0x000000079ab00000)
 ParOldGen       total 522752K, used 252587K [0x00000006c2c00000, 0x00000006e2a80000, 0x000000076b980000)
  object space 522752K, 48% used [0x00000006c2c00000,0x00000006d22aaed8,0x00000006e2a80000)
 Metaspace       used 9572K, capacity 9610K, committed 9856K, reserved 1058816K
  class space    used 1052K, capacity 1073K, committed 1152K, reserved 1048576K
Event: 10.016 GC heap after
Heap after GC invocations=21 (full 2):
 PSYoungGen      total 771584K, used 129086K [0x000000076b980000, 0x00000007ace00000, 0x00000007c0000000)
  eden space 624128K, 0% used [0x000000076b980000,0x000000076b980000,0x0000000791b00000)
  from space 147456K, 87% used [0x0000000791b00000,0x000000079990f908,0x000000079ab00000)
  to   space 164352K, 0% used [0x00000007a2d80000,0x00000007a2d80000,0x00000007ace00000)
 ParOldGen       total 522752K, used 260655K [0x00000006c2c00000, 0x00000006e2a80000, 0x000000076b980000)
  object space 522752K, 49% used [0x00000006c2c00000,0x00000006d2a8be78,0x00000006e2a80000)
 Metaspace       used 9572K, capacity 9610K, committed 9856K, reserved 1058816K
  class space    used 1052K, capacity 1073K, committed 1152K, reserved 1048576K
}
Event: 10.999 GC heap before
{Heap before GC invocations=22 (full 2):
 PSYoungGen      total 771584K, used 753214K [0x000000076b980000, 0x00000007ace00000, 0x00000007c0000000)
  eden space 624128K, 100% used [0x000000076b980000,0x0000000791b00000,0x0000000791b00000)
  from space 147456K, 87% used [0x0000000791b00000,0x000000079990f908,0x000000079ab00000)
  to   space 164352K, 0% used [0x00000007a2d80000,0x00000007a2d80000,0x00000007ace00000)
 ParOldGen       total 522752K, used 260655K [0x00000006c2c00000, 0x00000006e2a80000, 0x000000076b980000)
  object space 522752K, 49% used [0x00000006c2c00000,0x00000006d2a8be78,0x00000006e2a80000)
 Metaspace       used 9687K, capacity 9770K, committed 9856K, reserved 1058816K
  class space    used 1082K, capacity 1105K, committed 1152K, reserved 1048576K
Event: 11.248 GC heap after
Heap after GC invocations=22 (full 2):
 PSYoungGen      total 820224K, used 164351K [0x000000076b980000, 0x00000007b7400000, 0x00000007c0000000)
  eden space 655872K, 0% used [0x000000076b980000,0x000000076b980000,0x0000000793a00000)
  from space 164352K, 99% used [0x00000007a2d80000,0x00000007acdffee8,0x00000007ace00000)
  to   space 249344K, 0% used [0x0000000793a00000,0x0000000793a00000,0x00000007a2d80000)
 ParOldGen       total 522752K, used 420008K [0x00000006c2c00000, 0x00000006e2a80000, 0x000000076b980000)
  object space 522752K, 80% used [0x00000006c2c00000,0x00000006dc62a010,0x00000006e2a80000)
 Metaspace       used 9687K, capacity 9770K, committed 9856K, reserved 1058816K
  class space    used 1082K, capacity 1105K, committed 1152K, reserved 1048576K
}
Event: 11.248 GC heap before
{Heap before GC invocations=23 (full 3):
 PSYoungGen      total 820224K, used 164351K [0x000000076b980000, 0x00000007b7400000, 0x00000007c0000000)
  eden space 655872K, 0% used [0x000000076b980000,0x000000076b980000,0x0000000793a00000)
  from space 164352K, 99% used [0x00000007a2d80000,0x00000007acdffee8,0x00000007ace00000)
  to   space 249344K, 0% used [0x0000000793a00000,0x0000000793a00000,0x00000007a2d80000)
 ParOldGen       total 522752K, used 420008K [0x00000006c2c00000, 0x00000006e2a80000, 0x000000076b980000)
  object space 522752K, 80% used [0x00000006c2c00000,0x00000006dc62a010,0x00000006e2a80000)
 Metaspace       used 9687K, capacity 9770K, committed 9856K, reserved 1058816K
  class space    used 1082K, capacity 1105K, committed 1152K, reserved 1048576K
Event: 12.844 GC heap after
Heap after GC invocations=23 (full 3):
 PSYoungGen      total 820224K, used 53025K [0x000000076b980000, 0x00000007b7400000, 0x00000007c0000000)
  eden space 655872K, 0% used [0x000000076b980000,0x000000076b980000,0x0000000793a00000)
  from space 164352K, 32% used [0x00000007a2d80000,0x00000007a61487c8,0x00000007ace00000)
  to   space 249344K, 0% used [0x0000000793a00000,0x0000000793a00000,0x00000007a2d80000)
 ParOldGen       total 836608K, used 522300K [0x00000006c2c00000, 0x00000006f5d00000, 0x000000076b980000)
  object space 836608K, 62% used [0x00000006c2c00000,0x00000006e2a0f160,0x00000006f5d00000)
 Metaspace       used 9687K, capacity 9770K, committed 9856K, reserved 1058816K
  class space    used 1082K, capacity 1105K, committed 1152K, reserved 1048576K
}
Event: 15.328 GC heap before
{Heap before GC invocations=24 (full 3):
 PSYoungGen      total 820224K, used 708897K [0x000000076b980000, 0x00000007b7400000, 0x00000007c0000000)
  eden space 655872K, 100% used [0x000000076b980000,0x0000000793a00000,0x0000000793a00000)
  from space 164352K, 32% used [0x00000007a2d80000,0x00000007a61487c8,0x00000007ace00000)
  to   space 249344K, 0% used [0x0000000793a00000,0x0000000793a00000,0x00000007a2d80000)
 ParOldGen       total 836608K, used 522300K [0x00000006c2c00000, 0x00000006f5d00000, 0x000000076b980000)
  object space 836608K, 62% used [0x00000006c2c00000,0x00000006e2a0f160,0x00000006f5d00000)
 Metaspace       used 9731K, capacity 9770K, committed 9856K, reserved 1058816K
  class space    used 1082K, capacity 1105K, committed 1152K, reserved 1048576K
Event: 16.606 GC heap after
Heap after GC invocations=24 (full 3):
 PSYoungGen      total 905216K, used 249314K [0x000000076b980000, 0x00000007c0000000, 0x00000007c0000000)
  eden space 655872K, 0% used [0x000000076b980000,0x000000076b980000,0x0000000793a00000)
  from space 249344K, 99% used [0x0000000793a00000,0x00000007a2d78b90,0x00000007a2d80000)
  to   space 437248K, 0% used [0x00000007a5500000,0x00000007a5500000,0x00000007c0000000)
 ParOldGen       total 916992K, used 915634K [0x00000006c2c00000, 0x00000006fab80000, 0x000000076b980000)
  object space 916992K, 99% used [0x00000006c2c00000,0x00000006faa2ca10,0x00000006fab80000)
 Metaspace       used 9731K, capacity 9770K, committed 9856K, reserved 1058816K
  class space    used 1082K, capacity 1105K, committed 1152K, reserved 1048576K
}
Event: 16.606 GC heap before
{Heap before GC invocations=25 (full 4):
 PSYoungGen      total 905216K, used 249314K [0x000000076b980000, 0x00000007c0000000, 0x00000007c0000000)
  eden space 655872K, 0% used [0x000000076b980000,0x000000076b980000,0x0000000793a00000)
  from space 249344K, 99% used [0x0000000793a00000,0x00000007a2d78b90,0x00000007a2d80000)
  to   space 437248K, 0% used [0x00000007a5500000,0x00000007a5500000,0x00000007c0000000)
 ParOldGen       total 916992K, used 915634K [0x00000006c2c00000, 0x00000006fab80000, 0x000000076b980000)
  object space 916992K, 99% used [0x00000006c2c00000,0x00000006faa2ca10,0x00000006fab80000)
 Metaspace       used 9731K, capacity 9770K, committed 9856K, reserved 1058816K
  class space    used 1082K, capacity 1105K, committed 1152K, reserved 1048576K

