# JRE version: Java(TM) SE Runtime Environment (8.0_45-b14) (build 1.8.0_45-b14)
# Java VM: Java HotSpot(TM) 64-Bit Server VM (25.45-b02 mixed mode windows-amd64 compressed oops)
Heap:
 PSYoungGen      total 877056K, used 201210K [0x000000076b980000, 0x00000007c0000000, 0x00000007c0000000)
  eden space 675840K, 0% used [0x000000076b980000,0x000000076b980000,0x0000000794d80000)
  from space 201216K, 99% used [0x0000000794d80000,0x00000007a11fea88,0x00000007a1200000)
  to   space 373760K, 0% used [0x00000007a9300000,0x00000007a9300000,0x00000007c0000000)
 ParOldGen       total 1508864K, used 1508710K [0x00000006c2c00000, 0x000000071ed80000, 0x000000076b980000)
  object space 1508864K, 99% used [0x00000006c2c00000,0x000000071ed59918,0x000000071ed80000)
 Metaspace       used 10105K, capacity 10204K, committed 10368K, reserved 1058816K
  class space    used 1126K, capacity 1140K, committed 1152K, reserved 1048576K
GC Heap History (10 events):
Event: 11.910 GC heap after
Heap after GC invocations=22 (full 2):
 PSYoungGen      total 836096K, used 160255K [0x000000076b980000, 0x00000007afd00000, 0x00000007c0000000)
  eden space 675840K, 0% used [0x000000076b980000,0x000000076b980000,0x0000000794d80000)
  from space 160256K, 99% used [0x00000007a1200000,0x00000007aae7fc48,0x00000007aae80000)
  to   space 201216K, 0% used [0x0000000794d80000,0x0000000794d80000,0x00000007a1200000)
 ParOldGen       total 516608K, used 303197K [0x00000006c2c00000, 0x00000006e2480000, 0x000000076b980000)
  object space 516608K, 58% used [0x00000006c2c00000,0x00000006d5417648,0x00000006e2480000)
 Metaspace       used 9691K, capacity 9770K, committed 9856K, reserved 1058816K
  class space    used 1082K, capacity 1105K, committed 1152K, reserved 1048576K
}
Event: 14.826 GC heap before
{Heap before GC invocations=23 (full 2):
 PSYoungGen      total 836096K, used 836095K [0x000000076b980000, 0x00000007afd00000, 0x00000007c0000000)
  eden space 675840K, 100% used [0x000000076b980000,0x0000000794d80000,0x0000000794d80000)
  from space 160256K, 99% used [0x00000007a1200000,0x00000007aae7fc48,0x00000007aae80000)
  to   space 201216K, 0% used [0x0000000794d80000,0x0000000794d80000,0x00000007a1200000)
 ParOldGen       total 516608K, used 303197K [0x00000006c2c00000, 0x00000006e2480000, 0x000000076b980000)
  object space 516608K, 58% used [0x00000006c2c00000,0x00000006d5417648,0x00000006e2480000)
 Metaspace       used 9736K, capacity 9834K, committed 10112K, reserved 1058816K
  class space    used 1082K, capacity 1105K, committed 1152K, reserved 1048576K
Event: 16.877 GC heap after
Heap after GC invocations=23 (full 2):
 PSYoungGen      total 836096K, used 836095K [0x000000076b980000, 0x00000007afd00000, 0x00000007c0000000)
  eden space 675840K, 100% used [0x000000076b980000,0x0000000794d80000,0x0000000794d80000)
  from space 160256K, 99% used [0x00000007a1200000,0x00000007aae7fc48,0x00000007aae80000)
  to   space 201216K, 99% used [0x0000000794d80000,0x00000007a11fff98,0x00000007a1200000)
 ParOldGen       total 867840K, used 867725K [0x00000006c2c00000, 0x00000006f7b80000, 0x000000076b980000)
  object space 867840K, 99% used [0x00000006c2c00000,0x00000006f7b634a8,0x00000006f7b80000)
 Metaspace       used 9736K, capacity 9834K, committed 10112K, reserved 1058816K
  class space    used 1082K, capacity 1105K, committed 1152K, reserved 1048576K
}
Event: 16.877 GC heap before
{Heap before GC invocations=24 (full 3):
 PSYoungGen      total 836096K, used 836095K [0x000000076b980000, 0x00000007afd00000, 0x00000007c0000000)
  eden space 675840K, 100% used [0x000000076b980000,0x0000000794d80000,0x0000000794d80000)
  from space 160256K, 99% used [0x00000007a1200000,0x00000007aae7fc48,0x00000007aae80000)
  to   space 201216K, 99% used [0x0000000794d80000,0x00000007a11fff98,0x00000007a1200000)
 ParOldGen       total 867840K, used 867725K [0x00000006c2c00000, 0x00000006f7b80000, 0x000000076b980000)
  object space 867840K, 99% used [0x00000006c2c00000,0x00000006f7b634a8,0x00000006f7b80000)
 Metaspace       used 9736K, capacity 9834K, committed 10112K, reserved 1058816K
  class space    used 1082K, capacity 1105K, committed 1152K, reserved 1048576K
Event: 21.913 GC heap after
Heap after GC invocations=24 (full 3):
 PSYoungGen      total 836096K, used 0K [0x000000076b980000, 0x00000007afd00000, 0x00000007c0000000)
  eden space 675840K, 0% used [0x000000076b980000,0x000000076b980000,0x0000000794d80000)
  from space 160256K, 0% used [0x00000007a1200000,0x00000007a1200000,0x00000007aae80000)
  to   space 201216K, 92% used [0x0000000794d80000,0x00000007a04267a8,0x00000007a1200000)
 ParOldGen       total 1131008K, used 867714K [0x00000006c2c00000, 0x0000000707c80000, 0x000000076b980000)
  object space 1131008K, 76% used [0x00000006c2c00000,0x00000006f7b60ba8,0x0000000707c80000)
 Metaspace       used 9736K, capacity 9834K, committed 10112K, reserved 1058816K
  class space    used 1082K, capacity 1105K, committed 1152K, reserved 1048576K
}
Event: 24.027 GC heap before
{Heap before GC invocations=25 (full 4):
 PSYoungGen      total 836096K, used 675840K [0x000000076b980000, 0x00000007afd00000, 0x00000007c0000000)
  eden space 675840K, 100% used [0x000000076b980000,0x0000000794d80000,0x0000000794d80000)
  from space 160256K, 0% used [0x00000007a1200000,0x00000007a1200000,0x00000007aae80000)
  to   space 201216K, 92% used [0x0000000794d80000,0x00000007a04267a8,0x00000007a1200000)
 ParOldGen       total 1131008K, used 867714K [0x00000006c2c00000, 0x0000000707c80000, 0x000000076b980000)
  object space 1131008K, 76% used [0x00000006c2c00000,0x00000006f7b60ba8,0x0000000707c80000)
 Metaspace       used 10104K, capacity 10204K, committed 10368K, reserved 1058816K
  class space    used 1126K, capacity 1140K, committed 1152K, reserved 1048576K
Event: 28.251 GC heap after
Heap after GC invocations=25 (full 4):
 PSYoungGen      total 836096K, used 498318K [0x000000076b980000, 0x00000007afd00000, 0x00000007c0000000)
  eden space 675840K, 73% used [0x000000076b980000,0x000000078a023a10,0x0000000794d80000)
  from space 160256K, 0% used [0x00000007a1200000,0x00000007a1200000,0x00000007aae80000)
  to   space 201216K, 0% used [0x0000000794d80000,0x0000000794d80000,0x00000007a1200000)
 ParOldGen       total 1463808K, used 1130977K [0x00000006c2c00000, 0x000000071c180000, 0x000000076b980000)
  object space 1463808K, 77% used [0x00000006c2c00000,0x0000000707c78418,0x000000071c180000)
 Metaspace       used 10104K, capacity 10204K, committed 10368K, reserved 1058816K
  class space    used 1126K, capacity 1140K, committed 1152K, reserved 1048576K
}
Event: 28.709 GC heap before
{Heap before GC invocations=26 (full 4):
 PSYoungGen      total 836096K, used 675840K [0x000000076b980000, 0x00000007afd00000, 0x00000007c0000000)
  eden space 675840K, 100% used [0x000000076b980000,0x0000000794d80000,0x0000000794d80000)
  from space 160256K, 0% used [0x00000007a1200000,0x00000007a1200000,0x00000007aae80000)
  to   space 201216K, 0% used [0x0000000794d80000,0x0000000794d80000,0x00000007a1200000)
 ParOldGen       total 1463808K, used 1130977K [0x00000006c2c00000, 0x000000071c180000, 0x000000076b980000)
  object space 1463808K, 77% used [0x00000006c2c00000,0x0000000707c78418,0x000000071c180000)
 Metaspace       used 10105K, capacity 10204K, committed 10368K, reserved 1058816K
  class space    used 1126K, capacity 1140K, committed 1152K, reserved 1048576K
Event: 29.405 GC heap after
Heap after GC invocations=26 (full 4):
 PSYoungGen      total 877056K, used 201210K [0x000000076b980000, 0x00000007c0000000, 0x00000007c0000000)
  eden space 675840K, 0% used [0x000000076b980000,0x000000076b980000,0x0000000794d80000)
  from space 201216K, 99% used [0x0000000794d80000,0x00000007a11fea88,0x00000007a1200000)
  to   space 373760K, 0% used [0x00000007a9300000,0x00000007a9300000,0x00000007c0000000)
 ParOldGen       total 1508864K, used 1508710K [0x00000006c2c00000, 0x000000071ed80000, 0x000000076b980000)
  object space 1508864K, 99% used [0x00000006c2c00000,0x000000071ed59918,0x000000071ed80000)
 Metaspace       used 10105K, capacity 10204K, committed 10368K, reserved 1058816K
  class space    used 1126K, capacity 1140K, committed 1152K, reserved 1048576K
}
Event: 29.405 GC heap before
{Heap before GC invocations=27 (full 5):
 PSYoungGen      total 877056K, used 201210K [0x000000076b980000, 0x00000007c0000000, 0x00000007c0000000)
  eden space 675840K, 0% used [0x000000076b980000,0x000000076b980000,0x0000000794d80000)
  from space 201216K, 99% used [0x0000000794d80000,0x00000007a11fea88,0x00000007a1200000)
  to   space 373760K, 0% used [0x00000007a9300000,0x00000007a9300000,0x00000007c0000000)
 ParOldGen       total 1508864K, used 1508710K [0x00000006c2c00000, 0x000000071ed80000, 0x000000076b980000)
  object space 1508864K, 99% used [0x00000006c2c00000,0x000000071ed59918,0x000000071ed80000)
 Metaspace       used 10105K, capacity 10204K, committed 10368K, reserved 1058816K
  class space    used 1126K, capacity 1140K, committed 1152K, reserved 1048576K

