# JRE version: Java(TM) SE Runtime Environment (8.0_45-b14) (build 1.8.0_45-b14)
# Java VM: Java HotSpot(TM) 64-Bit Server VM (25.45-b02 mixed mode windows-amd64 compressed oops)
Heap:
 PSYoungGen      total 826368K, used 205887K [0x000000076b980000, 0x00000007bb280000, 0x00000007c0000000)
  eden space 365568K, 16% used [0x000000076b980000,0x000000076f3e3998,0x0000000781e80000)
  from space 460800K, 31% used [0x000000079e080000,0x00000007a6f2c268,0x00000007ba280000)
  to   space 460800K, 0% used [0x0000000781e80000,0x0000000781e80000,0x000000079e080000)
 ParOldGen       total 2661376K, used 2148073K [0x00000006c2c00000, 0x0000000765300000, 0x000000076b980000)
  object space 2661376K, 80% used [0x00000006c2c00000,0x0000000745dba428,0x0000000765300000)
 Metaspace       used 15445K, capacity 15640K, committed 15872K, reserved 1062912K
  class space    used 1728K, capacity 1768K, committed 1792K, reserved 1048576K
GC Heap History (10 events):
Event: 24.576 GC heap before
{Heap before GC invocations=17 (full 4):
 PSYoungGen      total 759296K, used 759274K [0x000000076b980000, 0x00000007b6700000, 0x00000007c0000000)
  eden space 298496K, 100% used [0x000000076b980000,0x000000077dd00000,0x000000077dd00000)
  from space 460800K, 99% used [0x000000079a500000,0x00000007b66faa40,0x00000007b6700000)
  to   space 460800K, 0% used [0x000000077e300000,0x000000077e300000,0x000000079a500000)
 ParOldGen       total 1876480K, used 1289585K [0x00000006c2c00000, 0x0000000735480000, 0x000000076b980000)
  object space 1876480K, 68% used [0x00000006c2c00000,0x000000071175c750,0x0000000735480000)
 Metaspace       used 9701K, capacity 9820K, committed 9856K, reserved 1058816K
  class space    used 1104K, capacity 1140K, committed 1152K, reserved 1048576K
Event: 25.433 GC heap after
Heap after GC invocations=17 (full 4):
 PSYoungGen      total 765440K, used 376542K [0x000000076b980000, 0x00000007ba280000, 0x00000007c0000000)
  eden space 304640K, 0% used [0x000000076b980000,0x000000076b980000,0x000000077e300000)
  from space 460800K, 81% used [0x000000077e300000,0x00000007952b7a68,0x000000079a500000)
  to   space 460800K, 0% used [0x000000079e080000,0x000000079e080000,0x00000007ba280000)
 ParOldGen       total 1876480K, used 1511622K [0x00000006c2c00000, 0x0000000735480000, 0x000000076b980000)
  object space 1876480K, 80% used [0x00000006c2c00000,0x000000071f0319f0,0x0000000735480000)
 Metaspace       used 9701K, capacity 9820K, committed 9856K, reserved 1058816K
  class space    used 1104K, capacity 1140K, committed 1152K, reserved 1048576K
}
Event: 26.778 GC heap before
{Heap before GC invocations=18 (full 4):
 PSYoungGen      total 765440K, used 681182K [0x000000076b980000, 0x00000007ba280000, 0x00000007c0000000)
  eden space 304640K, 100% used [0x000000076b980000,0x000000077e300000,0x000000077e300000)
  from space 460800K, 81% used [0x000000077e300000,0x00000007952b7a68,0x000000079a500000)
  to   space 460800K, 0% used [0x000000079e080000,0x000000079e080000,0x00000007ba280000)
 ParOldGen       total 1876480K, used 1511622K [0x00000006c2c00000, 0x0000000735480000, 0x000000076b980000)
  object space 1876480K, 80% used [0x00000006c2c00000,0x000000071f0319f0,0x0000000735480000)
 Metaspace       used 9701K, capacity 9820K, committed 9856K, reserved 1058816K
  class space    used 1104K, capacity 1140K, committed 1152K, reserved 1048576K
Event: 27.990 GC heap after
Heap after GC invocations=18 (full 4):
 PSYoungGen      total 826368K, used 261688K [0x000000076b980000, 0x00000007bb280000, 0x00000007c0000000)
  eden space 365568K, 0% used [0x000000076b980000,0x000000076b980000,0x0000000781e80000)
  from space 460800K, 56% used [0x000000079e080000,0x00000007ae00e128,0x00000007ba280000)
  to   space 460800K, 0% used [0x0000000781e80000,0x0000000781e80000,0x000000079e080000)
 ParOldGen       total 1876480K, used 1747395K [0x00000006c2c00000, 0x0000000735480000, 0x000000076b980000)
  object space 1876480K, 93% used [0x00000006c2c00000,0x000000072d670d70,0x0000000735480000)
 Metaspace       used 9701K, capacity 9820K, committed 9856K, reserved 1058816K
  class space    used 1104K, capacity 1140K, committed 1152K, reserved 1048576K
}
Event: 27.990 GC heap before
{Heap before GC invocations=19 (full 5):
 PSYoungGen      total 826368K, used 261688K [0x000000076b980000, 0x00000007bb280000, 0x00000007c0000000)
  eden space 365568K, 0% used [0x000000076b980000,0x000000076b980000,0x0000000781e80000)
  from space 460800K, 56% used [0x000000079e080000,0x00000007ae00e128,0x00000007ba280000)
  to   space 460800K, 0% used [0x0000000781e80000,0x0000000781e80000,0x000000079e080000)
 ParOldGen       total 1876480K, used 1747395K [0x00000006c2c00000, 0x0000000735480000, 0x000000076b980000)
  object space 1876480K, 93% used [0x00000006c2c00000,0x000000072d670d70,0x0000000735480000)
 Metaspace       used 9701K, capacity 9820K, committed 9856K, reserved 1058816K
  class space    used 1104K, capacity 1140K, committed 1152K, reserved 1048576K
Event: 42.866 GC heap after
Heap after GC invocations=19 (full 5):
 PSYoungGen      total 826368K, used 126301K [0x000000076b980000, 0x00000007bb280000, 0x00000007c0000000)
  eden space 365568K, 0% used [0x000000076b980000,0x000000076b980000,0x0000000781e80000)
  from space 460800K, 27% used [0x000000079e080000,0x00000007a5bd74f0,0x00000007ba280000)
  to   space 460800K, 0% used [0x0000000781e80000,0x0000000781e80000,0x000000079e080000)
 ParOldGen       total 2661376K, used 1876280K [0x00000006c2c00000, 0x0000000765300000, 0x000000076b980000)
  object space 2661376K, 70% used [0x00000006c2c00000,0x000000073544e028,0x0000000765300000)
 Metaspace       used 9701K, capacity 9820K, committed 9856K, reserved 1058816K
  class space    used 1104K, capacity 1140K, committed 1152K, reserved 1048576K
}
Event: 45.166 GC heap before
{Heap before GC invocations=20 (full 5):
 PSYoungGen      total 826368K, used 491869K [0x000000076b980000, 0x00000007bb280000, 0x00000007c0000000)
  eden space 365568K, 100% used [0x000000076b980000,0x0000000781e80000,0x0000000781e80000)
  from space 460800K, 27% used [0x000000079e080000,0x00000007a5bd74f0,0x00000007ba280000)
  to   space 460800K, 0% used [0x0000000781e80000,0x0000000781e80000,0x000000079e080000)
 ParOldGen       total 2661376K, used 1876280K [0x00000006c2c00000, 0x0000000765300000, 0x000000076b980000)
  object space 2661376K, 70% used [0x00000006c2c00000,0x000000073544e028,0x0000000765300000)
 Metaspace       used 9703K, capacity 9820K, committed 9856K, reserved 1058816K
  class space    used 1104K, capacity 1140K, committed 1152K, reserved 1048576K
Event: 46.495 GC heap after
Heap after GC invocations=20 (full 5):
 PSYoungGen      total 826368K, used 144672K [0x000000076b980000, 0x00000007bb280000, 0x00000007c0000000)
  eden space 365568K, 0% used [0x000000076b980000,0x000000076b980000,0x0000000781e80000)
  from space 460800K, 31% used [0x0000000781e80000,0x000000078abc8000,0x000000079e080000)
  to   space 460800K, 0% used [0x000000079e080000,0x000000079e080000,0x00000007ba280000)
 ParOldGen       total 2661376K, used 2003065K [0x00000006c2c00000, 0x0000000765300000, 0x000000076b980000)
  object space 2661376K, 75% used [0x00000006c2c00000,0x000000073d01e428,0x0000000765300000)
 Metaspace       used 9703K, capacity 9820K, committed 9856K, reserved 1058816K
  class space    used 1104K, capacity 1140K, committed 1152K, reserved 1048576K
}
Event: 48.497 GC heap before
{Heap before GC invocations=21 (full 5):
 PSYoungGen      total 826368K, used 510240K [0x000000076b980000, 0x00000007bb280000, 0x00000007c0000000)
  eden space 365568K, 100% used [0x000000076b980000,0x0000000781e80000,0x0000000781e80000)
  from space 460800K, 31% used [0x0000000781e80000,0x000000078abc8000,0x000000079e080000)
  to   space 460800K, 0% used [0x000000079e080000,0x000000079e080000,0x00000007ba280000)
 ParOldGen       total 2661376K, used 2003065K [0x00000006c2c00000, 0x0000000765300000, 0x000000076b980000)
  object space 2661376K, 75% used [0x00000006c2c00000,0x000000073d01e428,0x0000000765300000)
 Metaspace       used 10106K, capacity 10210K, committed 10496K, reserved 1058816K
  class space    used 1152K, capacity 1205K, committed 1280K, reserved 1048576K
Event: 49.966 GC heap after
Heap after GC invocations=21 (full 5):
 PSYoungGen      total 826368K, used 146096K [0x000000076b980000, 0x00000007bb280000, 0x00000007c0000000)
  eden space 365568K, 0% used [0x000000076b980000,0x000000076b980000,0x0000000781e80000)
  from space 460800K, 31% used [0x000000079e080000,0x00000007a6f2c268,0x00000007ba280000)
  to   space 460800K, 0% used [0x0000000781e80000,0x0000000781e80000,0x000000079e080000)
 ParOldGen       total 2661376K, used 2148073K [0x00000006c2c00000, 0x0000000765300000, 0x000000076b980000)
  object space 2661376K, 80% used [0x00000006c2c00000,0x0000000745dba428,0x0000000765300000)
 Metaspace       used 10106K, capacity 10210K, committed 10496K, reserved 1058816K
  class space    used 1152K, capacity 1205K, committed 1280K, reserved 1048576K
}

