# JRE version: Java(TM) SE Runtime Environment (8.0_45-b14) (build 1.8.0_45-b14)
# Java VM: Java HotSpot(TM) 64-Bit Server VM (25.45-b02 mixed mode windows-amd64 compressed oops)
Heap:
 PSYoungGen      total 755712K, used 280048K [0x000000076b980000, 0x00000007b6000000, 0x00000007c0000000)
  eden space 294912K, 0% used [0x000000076b980000,0x000000076b980000,0x000000077d980000)
  from space 460800K, 60% used [0x0000000799b80000,0x00000007aacfc258,0x00000007b5d80000)
  to   space 460800K, 0% used [0x000000077d980000,0x000000077d980000,0x0000000799b80000)
 ParOldGen       total 2271232K, used 2005374K [0x00000006c2c00000, 0x000000074d600000, 0x000000076b980000)
  object space 2271232K, 88% used [0x00000006c2c00000,0x000000073d25f8c0,0x000000074d600000)
 Metaspace       used 10131K, capacity 10274K, committed 10496K, reserved 1058816K
  class space    used 1152K, capacity 1205K, committed 1280K, reserved 1048576K
GC Heap History (10 events):
Event: 25.304 GC heap after
Heap after GC invocations=25 (full 5):
 PSYoungGen      total 662528K, used 325019K [0x000000076b980000, 0x00000007b1a80000, 0x00000007c0000000)
  eden space 211456K, 0% used [0x000000076b980000,0x000000076b980000,0x0000000778800000)
  from space 451072K, 72% used [0x0000000794a00000,0x00000007a8766f98,0x00000007b0280000)
  to   space 460800K, 0% used [0x0000000778800000,0x0000000778800000,0x0000000794a00000)
 ParOldGen       total 2271232K, used 1598531K [0x00000006c2c00000, 0x000000074d600000, 0x000000076b980000)
  object space 2271232K, 70% used [0x00000006c2c00000,0x0000000724510c68,0x000000074d600000)
 Metaspace       used 9712K, capacity 9820K, committed 9856K, reserved 1058816K
  class space    used 1104K, capacity 1140K, committed 1152K, reserved 1048576K
}
Event: 25.837 GC heap before
{Heap before GC invocations=26 (full 5):
 PSYoungGen      total 662528K, used 536475K [0x000000076b980000, 0x00000007b1a80000, 0x00000007c0000000)
  eden space 211456K, 100% used [0x000000076b980000,0x0000000778800000,0x0000000778800000)
  from space 451072K, 72% used [0x0000000794a00000,0x00000007a8766f98,0x00000007b0280000)
  to   space 460800K, 0% used [0x0000000778800000,0x0000000778800000,0x0000000794a00000)
 ParOldGen       total 2271232K, used 1598531K [0x00000006c2c00000, 0x000000074d600000, 0x000000076b980000)
  object space 2271232K, 70% used [0x00000006c2c00000,0x0000000724510c68,0x000000074d600000)
 Metaspace       used 9712K, capacity 9820K, committed 9856K, reserved 1058816K
  class space    used 1104K, capacity 1140K, committed 1152K, reserved 1048576K
Event: 26.456 GC heap after
Heap after GC invocations=26 (full 5):
 PSYoungGen      total 672256K, used 160896K [0x000000076b980000, 0x00000007b2580000, 0x00000007c0000000)
  eden space 211456K, 0% used [0x000000076b980000,0x000000076b980000,0x0000000778800000)
  from space 460800K, 34% used [0x0000000778800000,0x0000000782520000,0x0000000794a00000)
  to   space 455168K, 0% used [0x0000000796900000,0x0000000796900000,0x00000007b2580000)
 ParOldGen       total 2271232K, used 1844110K [0x00000006c2c00000, 0x000000074d600000, 0x000000076b980000)
  object space 2271232K, 81% used [0x00000006c2c00000,0x00000007334e38c0,0x000000074d600000)
 Metaspace       used 9712K, capacity 9820K, committed 9856K, reserved 1058816K
  class space    used 1104K, capacity 1140K, committed 1152K, reserved 1048576K
}
Event: 27.415 GC heap before
{Heap before GC invocations=27 (full 5):
 PSYoungGen      total 672256K, used 372352K [0x000000076b980000, 0x00000007b2580000, 0x00000007c0000000)
  eden space 211456K, 100% used [0x000000076b980000,0x0000000778800000,0x0000000778800000)
  from space 460800K, 34% used [0x0000000778800000,0x0000000782520000,0x0000000794a00000)
  to   space 455168K, 0% used [0x0000000796900000,0x0000000796900000,0x00000007b2580000)
 ParOldGen       total 2271232K, used 1844110K [0x00000006c2c00000, 0x000000074d600000, 0x000000076b980000)
  object space 2271232K, 81% used [0x00000006c2c00000,0x00000007334e38c0,0x000000074d600000)
 Metaspace       used 9714K, capacity 9820K, committed 9856K, reserved 1058816K
  class space    used 1104K, capacity 1140K, committed 1152K, reserved 1048576K
Event: 27.965 GC heap after
Heap after GC invocations=27 (full 5):
 PSYoungGen      total 681472K, used 244512K [0x000000076b980000, 0x00000007b0f00000, 0x00000007c0000000)
  eden space 249344K, 0% used [0x000000076b980000,0x000000076b980000,0x000000077ad00000)
  from space 432128K, 56% used [0x0000000796900000,0x00000007a57c8000,0x00000007b0f00000)
  to   space 443392K, 0% used [0x000000077ad00000,0x000000077ad00000,0x0000000795e00000)
 ParOldGen       total 2271232K, used 1844110K [0x00000006c2c00000, 0x000000074d600000, 0x000000076b980000)
  object space 2271232K, 81% used [0x00000006c2c00000,0x00000007334e38c0,0x000000074d600000)
 Metaspace       used 9714K, capacity 9820K, committed 9856K, reserved 1058816K
  class space    used 1104K, capacity 1140K, committed 1152K, reserved 1048576K
}
Event: 28.932 GC heap before
{Heap before GC invocations=28 (full 5):
 PSYoungGen      total 681472K, used 493856K [0x000000076b980000, 0x00000007b0f00000, 0x00000007c0000000)
  eden space 249344K, 100% used [0x000000076b980000,0x000000077ad00000,0x000000077ad00000)
  from space 432128K, 56% used [0x0000000796900000,0x00000007a57c8000,0x00000007b0f00000)
  to   space 443392K, 0% used [0x000000077ad00000,0x000000077ad00000,0x0000000795e00000)
 ParOldGen       total 2271232K, used 1844110K [0x00000006c2c00000, 0x000000074d600000, 0x000000076b980000)
  object space 2271232K, 81% used [0x00000006c2c00000,0x00000007334e38c0,0x000000074d600000)
 Metaspace       used 9714K, capacity 9820K, committed 9856K, reserved 1058816K
  class space    used 1104K, capacity 1140K, committed 1152K, reserved 1048576K
Event: 29.662 GC heap after
Heap after GC invocations=28 (full 5):
 PSYoungGen      total 692736K, used 343168K [0x000000076b980000, 0x00000007b5d80000, 0x00000007c0000000)
  eden space 249344K, 0% used [0x000000076b980000,0x000000076b980000,0x000000077ad00000)
  from space 443392K, 77% used [0x000000077ad00000,0x000000078fc20000,0x0000000795e00000)
  to   space 460800K, 0% used [0x0000000799b80000,0x0000000799b80000,0x00000007b5d80000)
 ParOldGen       total 2271232K, used 1844110K [0x00000006c2c00000, 0x000000074d600000, 0x000000076b980000)
  object space 2271232K, 81% used [0x00000006c2c00000,0x00000007334e38c0,0x000000074d600000)
 Metaspace       used 9714K, capacity 9820K, committed 9856K, reserved 1058816K
  class space    used 1104K, capacity 1140K, committed 1152K, reserved 1048576K
}
Event: 30.469 GC heap before
{Heap before GC invocations=29 (full 5):
 PSYoungGen      total 692736K, used 592512K [0x000000076b980000, 0x00000007b5d80000, 0x00000007c0000000)
  eden space 249344K, 100% used [0x000000076b980000,0x000000077ad00000,0x000000077ad00000)
  from space 443392K, 77% used [0x000000077ad00000,0x000000078fc20000,0x0000000795e00000)
  to   space 460800K, 0% used [0x0000000799b80000,0x0000000799b80000,0x00000007b5d80000)
 ParOldGen       total 2271232K, used 1844110K [0x00000006c2c00000, 0x000000074d600000, 0x000000076b980000)
  object space 2271232K, 81% used [0x00000006c2c00000,0x00000007334e38c0,0x000000074d600000)
 Metaspace       used 10131K, capacity 10274K, committed 10496K, reserved 1058816K
  class space    used 1152K, capacity 1205K, committed 1280K, reserved 1048576K
Event: 31.486 GC heap after
Heap after GC invocations=29 (full 5):
 PSYoungGen      total 755712K, used 280048K [0x000000076b980000, 0x00000007b6000000, 0x00000007c0000000)
  eden space 294912K, 0% used [0x000000076b980000,0x000000076b980000,0x000000077d980000)
  from space 460800K, 60% used [0x0000000799b80000,0x00000007aacfc258,0x00000007b5d80000)
  to   space 460800K, 0% used [0x000000077d980000,0x000000077d980000,0x0000000799b80000)
 ParOldGen       total 2271232K, used 2005374K [0x00000006c2c00000, 0x000000074d600000, 0x000000076b980000)
  object space 2271232K, 88% used [0x00000006c2c00000,0x000000073d25f8c0,0x000000074d600000)
 Metaspace       used 10131K, capacity 10274K, committed 10496K, reserved 1058816K
  class space    used 1152K, capacity 1205K, committed 1280K, reserved 1048576K
}
Event: 31.486 GC heap before
{Heap before GC invocations=30 (full 6):
 PSYoungGen      total 755712K, used 280048K [0x000000076b980000, 0x00000007b6000000, 0x00000007c0000000)
  eden space 294912K, 0% used [0x000000076b980000,0x000000076b980000,0x000000077d980000)
  from space 460800K, 60% used [0x0000000799b80000,0x00000007aacfc258,0x00000007b5d80000)
  to   space 460800K, 0% used [0x000000077d980000,0x000000077d980000,0x0000000799b80000)
 ParOldGen       total 2271232K, used 2005374K [0x00000006c2c00000, 0x000000074d600000, 0x000000076b980000)
  object space 2271232K, 88% used [0x00000006c2c00000,0x000000073d25f8c0,0x000000074d600000)
 Metaspace       used 10131K, capacity 10274K, committed 10496K, reserved 1058816K
  class space    used 1152K, capacity 1205K, committed 1280K, reserved 1048576K

