# JRE version: Java(TM) SE Runtime Environment (8.0_45-b14) (build 1.8.0_45-b14)
# Java VM: Java HotSpot(TM) 64-Bit Server VM (25.45-b02 mixed mode windows-amd64 compressed oops)
Heap:
 PSYoungGen      total 344064K, used 330212K [0x000000076b980000, 0x0000000795f00000, 0x00000007c0000000)
  eden space 153600K, 100% used [0x000000076b980000,0x0000000774f80000,0x0000000774f80000)
  from space 190464K, 92% used [0x0000000782f80000,0x000000078dbf9330,0x000000078e980000)
  to   space 229376K, 51% used [0x0000000774f80000,0x000000077c328b80,0x0000000782f80000)
 ParOldGen       total 776192K, used 515702K [0x00000006c2c00000, 0x00000006f2200000, 0x000000076b980000)
  object space 776192K, 66% used [0x00000006c2c00000,0x00000006e239d868,0x00000006f2200000)
 Metaspace       used 9299K, capacity 9358K, committed 9600K, reserved 1058816K
  class space    used 1063K, capacity 1073K, committed 1152K, reserved 1048576K
GC Heap History (10 events):
Event: 3.929 GC heap after
Heap after GC invocations=4 (full 1):
 PSYoungGen      total 140800K, used 0K [0x000000076b980000, 0x000000077cc80000, 0x00000007c0000000)
  eden space 130048K, 0% used [0x000000076b980000,0x000000076b980000,0x0000000773880000)
  from space 10752K, 0% used [0x0000000773880000,0x0000000773880000,0x0000000774300000)
  to   space 10752K, 0% used [0x000000077c200000,0x000000077c200000,0x000000077cc80000)
 ParOldGen       total 536064K, used 278508K [0x00000006c2c00000, 0x00000006e3780000, 0x000000076b980000)
  object space 536064K, 51% used [0x00000006c2c00000,0x00000006d3bfb290,0x00000006e3780000)
 Metaspace       used 9242K, capacity 9294K, committed 9600K, reserved 1058816K
  class space    used 1063K, capacity 1073K, committed 1152K, reserved 1048576K
}
Event: 4.307 GC heap before
{Heap before GC invocations=5 (full 1):
 PSYoungGen      total 140800K, used 130048K [0x000000076b980000, 0x000000077cc80000, 0x00000007c0000000)
  eden space 130048K, 100% used [0x000000076b980000,0x0000000773880000,0x0000000773880000)
  from space 10752K, 0% used [0x0000000773880000,0x0000000773880000,0x0000000774300000)
  to   space 10752K, 0% used [0x000000077c200000,0x000000077c200000,0x000000077cc80000)
 ParOldGen       total 536064K, used 278508K [0x00000006c2c00000, 0x00000006e3780000, 0x000000076b980000)
  object space 536064K, 51% used [0x00000006c2c00000,0x00000006d3bfb290,0x00000006e3780000)
 Metaspace       used 9242K, capacity 9294K, committed 9600K, reserved 1058816K
  class space    used 1063K, capacity 1073K, committed 1152K, reserved 1048576K
Event: 4.391 GC heap after
Heap after GC invocations=5 (full 1):
 PSYoungGen      total 177152K, used 10720K [0x000000076b980000, 0x000000077cc80000, 0x00000007c0000000)
  eden space 166400K, 0% used [0x000000076b980000,0x000000076b980000,0x0000000775c00000)
  from space 10752K, 99% used [0x000000077c200000,0x000000077cc780f0,0x000000077cc80000)
  to   space 10752K, 0% used [0x000000077b780000,0x000000077b780000,0x000000077c200000)
 ParOldGen       total 536064K, used 377222K [0x00000006c2c00000, 0x00000006e3780000, 0x000000076b980000)
  object space 536064K, 70% used [0x00000006c2c00000,0x00000006d9c61af0,0x00000006e3780000)
 Metaspace       used 9242K, capacity 9294K, committed 9600K, reserved 1058816K
  class space    used 1063K, capacity 1073K, committed 1152K, reserved 1048576K
}
Event: 4.391 GC heap before
{Heap before GC invocations=6 (full 2):
 PSYoungGen      total 177152K, used 10720K [0x000000076b980000, 0x000000077cc80000, 0x00000007c0000000)
  eden space 166400K, 0% used [0x000000076b980000,0x000000076b980000,0x0000000775c00000)
  from space 10752K, 99% used [0x000000077c200000,0x000000077cc780f0,0x000000077cc80000)
  to   space 10752K, 0% used [0x000000077b780000,0x000000077b780000,0x000000077c200000)
 ParOldGen       total 536064K, used 377222K [0x00000006c2c00000, 0x00000006e3780000, 0x000000076b980000)
  object space 536064K, 70% used [0x00000006c2c00000,0x00000006d9c61af0,0x00000006e3780000)
 Metaspace       used 9242K, capacity 9294K, committed 9600K, reserved 1058816K
  class space    used 1063K, capacity 1073K, committed 1152K, reserved 1048576K
Event: 5.067 GC heap after
Heap after GC invocations=6 (full 2):
 PSYoungGen      total 177152K, used 0K [0x000000076b980000, 0x000000077cc80000, 0x00000007c0000000)
  eden space 166400K, 0% used [0x000000076b980000,0x000000076b980000,0x0000000775c00000)
  from space 10752K, 0% used [0x000000077c200000,0x000000077c200000,0x000000077cc80000)
  to   space 10752K, 0% used [0x000000077b780000,0x000000077b780000,0x000000077c200000)
 ParOldGen       total 776192K, used 386539K [0x00000006c2c00000, 0x00000006f2200000, 0x000000076b980000)
  object space 776192K, 49% used [0x00000006c2c00000,0x00000006da57ad98,0x00000006f2200000)
 Metaspace       used 9242K, capacity 9294K, committed 9600K, reserved 1058816K
  class space    used 1063K, capacity 1073K, committed 1152K, reserved 1048576K
}
Event: 5.525 GC heap before
{Heap before GC invocations=7 (full 2):
 PSYoungGen      total 177152K, used 166400K [0x000000076b980000, 0x000000077cc80000, 0x00000007c0000000)
  eden space 166400K, 100% used [0x000000076b980000,0x0000000775c00000,0x0000000775c00000)
  from space 10752K, 0% used [0x000000077c200000,0x000000077c200000,0x000000077cc80000)
  to   space 10752K, 0% used [0x000000077b780000,0x000000077b780000,0x000000077c200000)
 ParOldGen       total 776192K, used 386539K [0x00000006c2c00000, 0x00000006f2200000, 0x000000076b980000)
  object space 776192K, 49% used [0x00000006c2c00000,0x00000006da57ad98,0x00000006f2200000)
 Metaspace       used 9242K, capacity 9294K, committed 9600K, reserved 1058816K
  class space    used 1063K, capacity 1073K, committed 1152K, reserved 1048576K
Event: 5.634 GC heap after
Heap after GC invocations=7 (full 2):
 PSYoungGen      total 203264K, used 10720K [0x000000076b980000, 0x000000078e980000, 0x00000007c0000000)
  eden space 192512K, 0% used [0x000000076b980000,0x000000076b980000,0x0000000777580000)
  from space 10752K, 99% used [0x000000077b780000,0x000000077c1f8110,0x000000077c200000)
  to   space 190464K, 0% used [0x0000000782f80000,0x0000000782f80000,0x000000078e980000)
 ParOldGen       total 776192K, used 515702K [0x00000006c2c00000, 0x00000006f2200000, 0x000000076b980000)
  object space 776192K, 66% used [0x00000006c2c00000,0x00000006e239d868,0x00000006f2200000)
 Metaspace       used 9242K, capacity 9294K, committed 9600K, reserved 1058816K
  class space    used 1063K, capacity 1073K, committed 1152K, reserved 1048576K
}
Event: 6.252 GC heap before
{Heap before GC invocations=8 (full 2):
 PSYoungGen      total 203264K, used 203232K [0x000000076b980000, 0x000000078e980000, 0x00000007c0000000)
  eden space 192512K, 100% used [0x000000076b980000,0x0000000777580000,0x0000000777580000)
  from space 10752K, 99% used [0x000000077b780000,0x000000077c1f8110,0x000000077c200000)
  to   space 190464K, 0% used [0x0000000782f80000,0x0000000782f80000,0x000000078e980000)
 ParOldGen       total 776192K, used 515702K [0x00000006c2c00000, 0x00000006f2200000, 0x000000076b980000)
  object space 776192K, 66% used [0x00000006c2c00000,0x00000006e239d868,0x00000006f2200000)
 Metaspace       used 9242K, capacity 9294K, committed 9600K, reserved 1058816K
  class space    used 1063K, capacity 1073K, committed 1152K, reserved 1048576K
Event: 6.418 GC heap after
Heap after GC invocations=8 (full 2):
 PSYoungGen      total 344064K, used 176612K [0x000000076b980000, 0x0000000795f00000, 0x00000007c0000000)
  eden space 153600K, 0% used [0x000000076b980000,0x000000076b980000,0x0000000774f80000)
  from space 190464K, 92% used [0x0000000782f80000,0x000000078dbf9330,0x000000078e980000)
  to   space 229376K, 0% used [0x0000000774f80000,0x0000000774f80000,0x0000000782f80000)
 ParOldGen       total 776192K, used 515702K [0x00000006c2c00000, 0x00000006f2200000, 0x000000076b980000)
  object space 776192K, 66% used [0x00000006c2c00000,0x00000006e239d868,0x00000006f2200000)
 Metaspace       used 9242K, capacity 9294K, committed 9600K, reserved 1058816K
  class space    used 1063K, capacity 1073K, committed 1152K, reserved 1048576K
}
Event: 6.933 GC heap before
{Heap before GC invocations=9 (full 2):
 PSYoungGen      total 344064K, used 330212K [0x000000076b980000, 0x0000000795f00000, 0x00000007c0000000)
  eden space 153600K, 100% used [0x000000076b980000,0x0000000774f80000,0x0000000774f80000)
  from space 190464K, 92% used [0x0000000782f80000,0x000000078dbf9330,0x000000078e980000)
  to   space 229376K, 0% used [0x0000000774f80000,0x0000000774f80000,0x0000000782f80000)
 ParOldGen       total 776192K, used 515702K [0x00000006c2c00000, 0x00000006f2200000, 0x000000076b980000)
  object space 776192K, 66% used [0x00000006c2c00000,0x00000006e239d868,0x00000006f2200000)
 Metaspace       used 9299K, capacity 9358K, committed 9600K, reserved 1058816K
  class space    used 1063K, capacity 1073K, committed 1152K, reserved 1048576K

